<?xml version="1.0" encoding="UTF-8"?>
<robot generator="Robot 3.2.2 (Python 3.8.5 on darwin)" generated="20200911 17:22:30.263" rpa="false">
<suite id="s1" name="Tour-Of" source="/Users/lukehowsam/srv/dev/robot-framework-testautomationu/tour-of/tour-of.robot">
<kw name="Run Keywords" library="BuiltIn" type="setup">
<doc>Executes all the given keywords in a sequence.</doc>
<arguments>
<arg>Initialize Test Data</arg>
<arg>Configure Selenium</arg>
<arg>Navigate To Homepage</arg>
</arguments>
<kw name="Initialize Test Data" library="data">
<kw name="Read Invoice Fixtures" library="data">
<assign>
<var>${json}</var>
</assign>
<kw name="Get File" library="OperatingSystem">
<doc>Returns the contents of a specified file.</doc>
<arguments>
<arg>${EXECDIR}/invoice-fixtures.json</arg>
</arguments>
<assign>
<var>${json_data}</var>
</assign>
<msg timestamp="20200911 17:22:30.497" level="INFO" html="yes">Getting file '&lt;a href="file:///Users/lukehowsam/srv/dev/robot-framework-testautomationu/tour-of/invoice-fixtures.json"&gt;/Users/lukehowsam/srv/dev/robot-framework-testautomationu/tour-of/invoice-fixtures.json&lt;/a&gt;'.</msg>
<msg timestamp="20200911 17:22:30.498" level="INFO">${json_data} = {
    "demo" : {
        "company_name" : "Beaufort Fairmont, LLC",
        "type_of_work" : "Test Automation",
        "status" : "Past Due",
        "amount" : "521.20",
        "due_date" : "2019-1...</msg>
<status status="PASS" starttime="20200911 17:22:30.497" endtime="20200911 17:22:30.498"></status>
</kw>
<kw name="Evaluate" library="BuiltIn">
<doc>Evaluates the given expression in Python and returns the result.</doc>
<arguments>
<arg>json.loads('''${json_data}''')</arg>
<arg>json</arg>
</arguments>
<assign>
<var>${json}</var>
</assign>
<msg timestamp="20200911 17:22:30.498" level="INFO">${json} = {'demo': {'company_name': 'Beaufort Fairmont, LLC', 'type_of_work': 'Test Automation', 'status': 'Past Due', 'amount': '521.20', 'due_date': '2019-12-31', 'description': 'Test Automation experts helpi...</msg>
<status status="PASS" starttime="20200911 17:22:30.498" endtime="20200911 17:22:30.498"></status>
</kw>
<msg timestamp="20200911 17:22:30.499" level="INFO">${json} = {'demo': {'company_name': 'Beaufort Fairmont, LLC', 'type_of_work': 'Test Automation', 'status': 'Past Due', 'amount': '521.20', 'due_date': '2019-12-31', 'description': 'Test Automation experts helpi...</msg>
<status status="PASS" starttime="20200911 17:22:30.497" endtime="20200911 17:22:30.499"></status>
</kw>
<kw name="Set Global Variable" library="BuiltIn">
<doc>Makes a variable available globally in all tests and suites.</doc>
<arguments>
<arg>${Invoices}</arg>
<arg>${json}</arg>
</arguments>
<msg timestamp="20200911 17:22:30.499" level="INFO">${Invoices} = {'demo': {'company_name': 'Beaufort Fairmont, LLC', 'type_of_work': 'Test Automation', 'status': 'Past Due', 'amount': '521.20', 'due_date': '2019-12-31', 'description': 'Test Automation experts helpi...</msg>
<status status="PASS" starttime="20200911 17:22:30.499" endtime="20200911 17:22:30.499"></status>
</kw>
<status status="PASS" starttime="20200911 17:22:30.497" endtime="20200911 17:22:30.500"></status>
</kw>
<kw name="Configure Selenium" library="system">
<kw name="Set Selenium Speed" library="SeleniumLibrary">
<doc>Sets the delay that is waited after each Selenium command.</doc>
<arguments>
<arg>.25 Seconds</arg>
</arguments>
<status status="PASS" starttime="20200911 17:22:30.500" endtime="20200911 17:22:30.500"></status>
</kw>
<status status="PASS" starttime="20200911 17:22:30.500" endtime="20200911 17:22:30.500"></status>
</kw>
<kw name="Navigate To Homepage" library="system">
<kw name="Open Browser" library="SeleniumLibrary">
<doc>Opens a new browser instance to the optional ``url``.</doc>
<arguments>
<arg>${SiteUrl}</arg>
<arg>${BROWSER}</arg>
</arguments>
<msg timestamp="20200911 17:22:30.501" level="INFO">Opening browser 'Chrome' to base url 'http://34.225.240.91'.</msg>
<status status="PASS" starttime="20200911 17:22:30.500" endtime="20200911 17:22:34.749"></status>
</kw>
<kw name="Maximize Browser Window" library="SeleniumLibrary">
<doc>Maximizes current browser window.</doc>
<status status="PASS" starttime="20200911 17:22:34.749" endtime="20200911 17:22:35.146"></status>
</kw>
<status status="PASS" starttime="20200911 17:22:30.500" endtime="20200911 17:22:35.147"></status>
</kw>
<status status="PASS" starttime="20200911 17:22:30.496" endtime="20200911 17:22:35.147"></status>
</kw>
<test id="s1-t1" name="Create An Invoice">
<kw name="Get Dummy Invoice" library="data">
<arguments>
<arg>demo</arg>
</arguments>
<assign>
<var>${invoice}</var>
</assign>
<kw name="Get From Dictionary" library="Collections">
<doc>Returns a value from the given ``dictionary`` based on the given ``key``.</doc>
<arguments>
<arg>${Invoices}</arg>
<arg>${invoice_name}</arg>
</arguments>
<assign>
<var>${invoice}</var>
</assign>
<msg timestamp="20200911 17:22:35.149" level="INFO">${invoice} = {'company_name': 'Beaufort Fairmont, LLC', 'type_of_work': 'Test Automation', 'status': 'Past Due', 'amount': '521.20', 'due_date': '2019-12-31', 'description': 'Test Automation experts helping us ram...</msg>
<status status="PASS" starttime="20200911 17:22:35.148" endtime="20200911 17:22:35.149"></status>
</kw>
<kw name="Randomize Invoice Id" library="data">
<arguments>
<arg>${invoice}</arg>
</arguments>
<kw name="Generate Random Number" library="system">
<assign>
<var>${random_number}</var>
</assign>
<kw name="Evaluate" library="BuiltIn">
<doc>Evaluates the given expression in Python and returns the result.</doc>
<arguments>
<arg>random.randint(1000000, 9999999)</arg>
<arg>random</arg>
</arguments>
<assign>
<var>${random_number}</var>
</assign>
<msg timestamp="20200911 17:22:35.150" level="INFO">${random_number} = 6270574</msg>
<status status="PASS" starttime="20200911 17:22:35.149" endtime="20200911 17:22:35.150"></status>
</kw>
<msg timestamp="20200911 17:22:35.150" level="INFO">${random_number} = 6270574</msg>
<status status="PASS" starttime="20200911 17:22:35.149" endtime="20200911 17:22:35.150"></status>
</kw>
<kw name="Update Invoice Id" library="data">
<arguments>
<arg>${invoice}</arg>
<arg>${random_number}</arg>
</arguments>
<kw name="Set To Dictionary" library="Collections">
<doc>Adds the given ``key_value_pairs`` and ``items`` to the ``dictionary``.</doc>
<arguments>
<arg>${invoice}</arg>
<arg>id=${id}</arg>
</arguments>
<status status="PASS" starttime="20200911 17:22:35.150" endtime="20200911 17:22:35.151"></status>
</kw>
<status status="PASS" starttime="20200911 17:22:35.150" endtime="20200911 17:22:35.151"></status>
</kw>
<status status="PASS" starttime="20200911 17:22:35.149" endtime="20200911 17:22:35.151"></status>
</kw>
<msg timestamp="20200911 17:22:35.151" level="INFO">${invoice} = {'company_name': 'Beaufort Fairmont, LLC', 'type_of_work': 'Test Automation', 'status': 'Past Due', 'amount': '521.20', 'due_date': '2019-12-31', 'description': 'Test Automation experts helping us ram...</msg>
<status status="PASS" starttime="20200911 17:22:35.148" endtime="20200911 17:22:35.151"></status>
</kw>
<kw name="Navigate To Add Invoice" library="navigation">
<kw name="Click Element" library="SeleniumLibrary">
<doc>Click the element identified by ``locator``.</doc>
<arguments>
<arg>css:[href="#/addInvoice"]</arg>
</arguments>
<msg timestamp="20200911 17:22:35.152" level="INFO">Clicking element 'css:[href="#/addInvoice"]'.</msg>
<status status="PASS" starttime="20200911 17:22:35.151" endtime="20200911 17:22:35.709"></status>
</kw>
<status status="PASS" starttime="20200911 17:22:35.151" endtime="20200911 17:22:35.710"></status>
</kw>
<kw name="Fill Out Invoice Details" library="invoice-details-page">
<arguments>
<arg>${invoice}</arg>
</arguments>
<kw name="Enter Invoice Number" library="invoice-details-page">
<arguments>
<arg>${invoice["id"]}</arg>
</arguments>
<kw name="Input Text" library="SeleniumLibrary">
<doc>Types the given ``text`` into the text field identified by ``locator``.</doc>
<arguments>
<arg>css:[ng-model="invoice.invoiceNo"]</arg>
<arg>${invoice_id}</arg>
</arguments>
<msg timestamp="20200911 17:22:35.713" level="INFO">Typing text '6270574' into text field 'css:[ng-model="invoice.invoiceNo"]'.</msg>
<status status="PASS" starttime="20200911 17:22:35.712" endtime="20200911 17:22:36.622"></status>
</kw>
<status status="PASS" starttime="20200911 17:22:35.711" endtime="20200911 17:22:36.622"></status>
</kw>
<kw name="Enter Company Name" library="invoice-details-page">
<arguments>
<arg>${invoice["company_name"]}</arg>
</arguments>
<kw name="Input Text" library="SeleniumLibrary">
<doc>Types the given ``text`` into the text field identified by ``locator``.</doc>
<arguments>
<arg>css:[ng-model="invoice.companyName"]</arg>
<arg>${company_name}</arg>
</arguments>
<msg timestamp="20200911 17:22:36.623" level="INFO">Typing text 'Beaufort Fairmont, LLC' into text field 'css:[ng-model="invoice.companyName"]'.</msg>
<status status="PASS" starttime="20200911 17:22:36.623" endtime="20200911 17:22:37.472"></status>
</kw>
<status status="PASS" starttime="20200911 17:22:36.623" endtime="20200911 17:22:37.473"></status>
</kw>
<kw name="Enter Type of Work" library="invoice-details-page">
<arguments>
<arg>${invoice["type_of_work"]}</arg>
</arguments>
<kw name="Input Text" library="SeleniumLibrary">
<doc>Types the given ``text`` into the text field identified by ``locator``.</doc>
<arguments>
<arg>css:[ng-model="invoice.typeOfWork"]</arg>
<arg>${type_of_work}</arg>
</arguments>
<msg timestamp="20200911 17:22:37.474" level="INFO">Typing text 'Test Automation' into text field 'css:[ng-model="invoice.typeOfWork"]'.</msg>
<status status="PASS" starttime="20200911 17:22:37.473" endtime="20200911 17:22:38.321"></status>
</kw>
<status status="PASS" starttime="20200911 17:22:37.473" endtime="20200911 17:22:38.322"></status>
</kw>
<kw name="Select Status" library="invoice-details-page">
<arguments>
<arg>${invoice["status"]}</arg>
</arguments>
<kw name="Select From List By Value" library="SeleniumLibrary">
<doc>Selects options from selection list ``locator`` by ``values``.</doc>
<arguments>
<arg>css:[ng-model="invoice.status"]</arg>
<arg>${status}</arg>
</arguments>
<msg timestamp="20200911 17:22:38.324" level="INFO">Selecting options from selection list 'css:[ng-model="invoice.status"]' by value Past Due.</msg>
<status status="PASS" starttime="20200911 17:22:38.324" endtime="20200911 17:22:40.220"></status>
</kw>
<status status="PASS" starttime="20200911 17:22:38.322" endtime="20200911 17:22:40.220"></status>
</kw>
<kw name="Enter Amount" library="invoice-details-page">
<arguments>
<arg>${invoice["amount"]}</arg>
</arguments>
<kw name="Input Text" library="SeleniumLibrary">
<doc>Types the given ``text`` into the text field identified by ``locator``.</doc>
<arguments>
<arg>css:[ng-model="invoice.price"]</arg>
<arg>${amount}</arg>
</arguments>
<msg timestamp="20200911 17:22:40.222" level="INFO">Typing text '521.20' into text field 'css:[ng-model="invoice.price"]'.</msg>
<status status="PASS" starttime="20200911 17:22:40.222" endtime="20200911 17:22:41.104"></status>
</kw>
<status status="PASS" starttime="20200911 17:22:40.220" endtime="20200911 17:22:41.105"></status>
</kw>
<kw name="Enter Due Date" library="invoice-details-page">
<arguments>
<arg>${invoice["due_date"]}</arg>
</arguments>
<kw name="Input Text" library="SeleniumLibrary">
<doc>Types the given ``text`` into the text field identified by ``locator``.</doc>
<arguments>
<arg>css:[ng-model="invoice.dueDate"]</arg>
<arg>${due_date}</arg>
</arguments>
<msg timestamp="20200911 17:22:41.107" level="INFO">Typing text '2019-12-31' into text field 'css:[ng-model="invoice.dueDate"]'.</msg>
<status status="PASS" starttime="20200911 17:22:41.106" endtime="20200911 17:22:41.972"></status>
</kw>
<status status="PASS" starttime="20200911 17:22:41.105" endtime="20200911 17:22:41.972"></status>
</kw>
<kw name="Enter Description" library="invoice-details-page">
<arguments>
<arg>${invoice["description"]}</arg>
</arguments>
<kw name="Input Text" library="SeleniumLibrary">
<doc>Types the given ``text`` into the text field identified by ``locator``.</doc>
<arguments>
<arg>css:[ng-model="invoice.comment"]</arg>
<arg>${description}</arg>
</arguments>
<msg timestamp="20200911 17:22:41.975" level="INFO">Typing text 'Test Automation experts helping us ramp up our automation efforts.' into text field 'css:[ng-model="invoice.comment"]'.</msg>
<status status="PASS" starttime="20200911 17:22:41.974" endtime="20200911 17:22:42.872"></status>
</kw>
<status status="PASS" starttime="20200911 17:22:41.973" endtime="20200911 17:22:42.873"></status>
</kw>
<status status="PASS" starttime="20200911 17:22:35.710" endtime="20200911 17:22:42.873"></status>
</kw>
<kw name="Submit Invoice Form" library="invoice-details-page">
<kw name="Click Button" library="SeleniumLibrary">
<doc>Clicks the button identified by ``locator``.</doc>
<arguments>
<arg>createButton</arg>
</arguments>
<msg timestamp="20200911 17:22:42.875" level="INFO">Clicking button 'createButton'.</msg>
<status status="PASS" starttime="20200911 17:22:42.875" endtime="20200911 17:22:43.989"></status>
</kw>
<status status="PASS" starttime="20200911 17:22:42.874" endtime="20200911 17:22:43.990"></status>
</kw>
<kw name="Get Invoice Id" library="data">
<arguments>
<arg>${invoice}</arg>
</arguments>
<assign>
<var>${invoice_id}</var>
</assign>
<kw name="Convert To String" library="BuiltIn">
<doc>Converts the given item to a Unicode string.</doc>
<arguments>
<arg>${invoice["id"]}</arg>
</arguments>
<assign>
<var>${invoice_id}</var>
</assign>
<msg timestamp="20200911 17:22:43.992" level="INFO">${invoice_id} = 6270574</msg>
<status status="PASS" starttime="20200911 17:22:43.991" endtime="20200911 17:22:43.992"></status>
</kw>
<msg timestamp="20200911 17:22:43.992" level="INFO">${invoice_id} = 6270574</msg>
<status status="PASS" starttime="20200911 17:22:43.990" endtime="20200911 17:22:43.992"></status>
</kw>
<kw name="Page Should Contain" library="SeleniumLibrary">
<doc>Verifies that current page contains ``text``.</doc>
<arguments>
<arg>${invoice_id}</arg>
</arguments>
<msg timestamp="20200911 17:22:44.519" level="INFO">Current page contains text '6270574'.</msg>
<status status="PASS" starttime="20200911 17:22:43.993" endtime="20200911 17:22:44.520"></status>
</kw>
<kw name="Open Invoice" library="navigation">
<arguments>
<arg>${invoice_id}</arg>
</arguments>
<kw name="Click Link" library="SeleniumLibrary">
<doc>Clicks a link identified by ``locator``.</doc>
<arguments>
<arg>css:#invoiceNo_${id} &gt; a</arg>
</arguments>
<msg timestamp="20200911 17:22:44.522" level="INFO">Clicking link 'css:#invoiceNo_6270574 &gt; a'.</msg>
<status status="PASS" starttime="20200911 17:22:44.522" endtime="20200911 17:22:45.361"></status>
</kw>
<status status="PASS" starttime="20200911 17:22:44.520" endtime="20200911 17:22:45.361"></status>
</kw>
<status status="PASS" starttime="20200911 17:22:35.147" endtime="20200911 17:22:45.362" critical="yes"></status>
</test>
<kw name="Exit Selenium" library="system" type="teardown">
<kw name="Capture Page Screenshot" library="SeleniumLibrary">
<doc>Takes a screenshot of the current page and embeds it into a log file.</doc>
<msg timestamp="20200911 17:22:46.192" level="INFO" html="yes">&lt;/td&gt;&lt;/tr&gt;&lt;tr&gt;&lt;td colspan="3"&gt;&lt;a href="selenium-screenshot-2.png"&gt;&lt;img src="selenium-screenshot-2.png" width="800px"&gt;&lt;/a&gt;</msg>
<status status="PASS" starttime="20200911 17:22:45.365" endtime="20200911 17:22:46.192"></status>
</kw>
<kw name="Close Browser" library="SeleniumLibrary">
<doc>Closes the current browser.</doc>
<status status="PASS" starttime="20200911 17:22:46.193" endtime="20200911 17:22:46.508"></status>
</kw>
<status status="PASS" starttime="20200911 17:22:45.365" endtime="20200911 17:22:46.508"></status>
</kw>
<status status="PASS" starttime="20200911 17:22:30.264" endtime="20200911 17:22:46.508"></status>
</suite>
<statistics>
<total>
<stat pass="1" fail="0">Critical Tests</stat>
<stat pass="1" fail="0">All Tests</stat>
</total>
<tag>
</tag>
<suite>
<stat pass="1" fail="0" id="s1" name="Tour-Of">Tour-Of</stat>
</suite>
</statistics>
<errors>
</errors>
</robot>
