<?xml version="1.0" encoding="UTF-8"?>
<robot generator="Robot 3.2.2 (Python 3.8.5 on darwin)" generated="20200915 16:14:55.899" rpa="false">
<suite id="s1" name="Keyword-Basics" source="/Users/lukehowsam/srv/dev/robot-framework-testautomationu/exercise-06/keyword-basics.robot">
<test id="s1-t1" name="Check invoice manager page">
<kw name="Comment" library="BuiltIn">
<doc>Displays the given messages in the log file as keyword arguments.</doc>
<arguments>
<arg>We're learning how to create a custom keyword.</arg>
</arguments>
<status status="PASS" starttime="20200915 16:14:56.136" endtime="20200915 16:14:56.136"></status>
</kw>
<status status="PASS" starttime="20200915 16:14:56.135" endtime="20200915 16:14:56.136" critical="yes"></status>
</test>
<test id="s1-t2" name="Navigate to browser">
<kw name="Open Browser" library="SeleniumLibrary">
<doc>Opens a new browser instance to the optional ``url``.</doc>
<arguments>
<arg>http://34.225.240.91/</arg>
<arg>chrome</arg>
</arguments>
<msg timestamp="20200915 16:14:56.137" level="INFO">Opening browser 'chrome' to base url 'http://34.225.240.91/'.</msg>
<status status="PASS" starttime="20200915 16:14:56.137" endtime="20200915 16:15:00.219"></status>
</kw>
<kw name="Page Should Contain" library="SeleniumLibrary">
<doc>Verifies that current page contains ``text``.</doc>
<arguments>
<arg>Invoice Manager</arg>
</arguments>
<msg timestamp="20200915 16:15:00.236" level="INFO">Current page contains text 'Invoice Manager'.</msg>
<status status="PASS" starttime="20200915 16:15:00.220" endtime="20200915 16:15:00.236"></status>
</kw>
<kw name="Close Browser" library="SeleniumLibrary">
<doc>Closes the current browser.</doc>
<status status="PASS" starttime="20200915 16:15:00.236" endtime="20200915 16:15:00.314"></status>
</kw>
<status status="PASS" starttime="20200915 16:14:56.137" endtime="20200915 16:15:00.314" critical="yes"></status>
</test>
<status status="PASS" starttime="20200915 16:14:55.900" endtime="20200915 16:15:00.315"></status>
</suite>
<statistics>
<total>
<stat pass="2" fail="0">Critical Tests</stat>
<stat pass="2" fail="0">All Tests</stat>
</total>
<tag>
</tag>
<suite>
<stat pass="2" fail="0" id="s1" name="Keyword-Basics">Keyword-Basics</stat>
</suite>
</statistics>
<errors>
</errors>
</robot>
