<?xml version="1.0" encoding="UTF-8"?>
<robot generator="Robot 3.2.2 (Python 3.8.5 on darwin)" generated="20200915 20:44:58.736" rpa="false">
<suite id="s1" name="Console-Log" source="/Users/lukehowsam/srv/dev/robot-testing-course/misc-tests/console-log.robot">
<test id="s1-t1" name="console.log() the message">
<kw name="Open Browser" library="SeleniumLibrary">
<doc>Opens a new browser instance to the optional ``url``.</doc>
<arguments>
<arg>https://duckduckgo.com/</arg>
<arg>chrome</arg>
</arguments>
<msg timestamp="20200915 20:44:58.896" level="INFO">Opening browser 'chrome' to base url 'https://duckduckgo.com/'.</msg>
<status status="PASS" starttime="20200915 20:44:58.896" endtime="20200915 20:45:03.583"></status>
</kw>
<kw name="Log To Console" library="BuiltIn">
<doc>Logs the given message to the console.</doc>
<arguments>
<arg>${msg}</arg>
</arguments>
<status status="PASS" starttime="20200915 20:45:03.584" endtime="20200915 20:45:03.585"></status>
</kw>
<kw name="Sleep" library="BuiltIn">
<doc>Pauses the test executed for the given time.</doc>
<arguments>
<arg>10</arg>
</arguments>
<status status="FAIL" starttime="20200915 20:45:03.585" endtime="20200915 20:45:09.330"></status>
</kw>
<status status="FAIL" starttime="20200915 20:44:58.895" endtime="20200915 20:45:09.331" critical="yes">Execution terminated by signal</status>
</test>
<status status="FAIL" starttime="20200915 20:44:58.737" endtime="20200915 20:45:09.334"></status>
</suite>
<statistics>
<total>
<stat pass="0" fail="1">Critical Tests</stat>
<stat pass="0" fail="1">All Tests</stat>
</total>
<tag>
</tag>
<suite>
<stat pass="0" fail="1" id="s1" name="Console-Log">Console-Log</stat>
</suite>
</statistics>
<errors>
</errors>
</robot>
